<?xml version="1.0" encoding="UTF-8"?>
<testsuite name="gcukakao.jenkins.calculator.CalculatorApplicationTests" tests="1" skipped="0" failures="0" errors="0" timestamp="2022-10-20T09:34:55" hostname="DESKTOP-538DKAS" time="0.481">
  <properties/>
  <testcase name="contextLoads()" classname="gcukakao.jenkins.calculator.CalculatorApplicationTests" time="0.481"/>
  <system-out><![CDATA[18:34:52.266 [Test worker] DEBUG org.springframework.test.context.BootstrapUtils - Instantiating CacheAwareContextLoaderDelegate from class [org.springframework.test.context.cache.DefaultCacheAwareContextLoaderDelegate]
18:34:52.281 [Test worker] DEBUG org.springframework.test.context.BootstrapUtils - Instantiating BootstrapContext using constructor [public org.springframework.test.context.support.DefaultBootstrapContext(java.lang.Class,org.springframework.test.context.CacheAwareContextLoaderDelegate)]
18:34:52.333 [Test worker] DEBUG org.springframework.test.context.BootstrapUtils - Instantiating TestContextBootstrapper for test class [gcukakao.jenkins.calculator.CalculatorApplicationTests] from class [org.springframework.boot.test.context.SpringBootTestContextBootstrapper]
18:34:52.351 [Test worker] INFO org.springframework.boot.test.context.SpringBootTestContextBootstrapper - Neither @ContextConfiguration nor @ContextHierarchy found for test class [gcukakao.jenkins.calculator.CalculatorApplicationTests], using SpringBootContextLoader
18:34:52.359 [Test worker] DEBUG org.springframework.test.context.support.AbstractContextLoader - Did not detect default resource location for test class [gcukakao.jenkins.calculator.CalculatorApplicationTests]: class path resource [gcukakao/jenkins/calculator/CalculatorApplicationTests-context.xml] does not exist
18:34:52.360 [Test worker] DEBUG org.springframework.test.context.support.AbstractContextLoader - Did not detect default resource location for test class [gcukakao.jenkins.calculator.CalculatorApplicationTests]: class path resource [gcukakao/jenkins/calculator/CalculatorApplicationTestsContext.groovy] does not exist
18:34:52.360 [Test worker] INFO org.springframework.test.context.support.AbstractContextLoader - Could not detect default resource locations for test class [gcukakao.jenkins.calculator.CalculatorApplicationTests]: no resource found for suffixes {-context.xml, Context.groovy}.
18:34:52.362 [Test worker] INFO org.springframework.test.context.support.AnnotationConfigContextLoaderUtils - Could not detect default configuration classes for test class [gcukakao.jenkins.calculator.CalculatorApplicationTests]: CalculatorApplicationTests does not declare any static, non-private, non-final, nested classes annotated with @Configuration.
18:34:52.678 [Test worker] DEBUG org.springframework.test.context.support.ActiveProfilesUtils - Could not find an 'annotation declaring class' for annotation type [org.springframework.test.context.ActiveProfiles] and class [gcukakao.jenkins.calculator.CalculatorApplicationTests]
18:34:52.763 [Test worker] DEBUG org.springframework.context.annotation.ClassPathScanningCandidateComponentProvider - Identified candidate component class: file [C:\Users\clima\calculator\calculator\build\classes\java\main\gcukakao\jenkins\calculator\CalculatorApplication.class]
18:34:52.773 [Test worker] INFO org.springframework.boot.test.context.SpringBootTestContextBootstrapper - Found @SpringBootConfiguration gcukakao.jenkins.calculator.CalculatorApplication for test class gcukakao.jenkins.calculator.CalculatorApplicationTests
18:34:52.947 [Test worker] DEBUG org.springframework.boot.test.context.SpringBootTestContextBootstrapper - @TestExecutionListeners is not present for class [gcukakao.jenkins.calculator.CalculatorApplicationTests]: using defaults.
18:34:52.948 [Test worker] INFO org.springframework.boot.test.context.SpringBootTestContextBootstrapper - Loaded default TestExecutionListener class names from location [META-INF/spring.factories]: [org.springframework.boot.test.autoconfigure.restdocs.RestDocsTestExecutionListener, org.springframework.boot.test.autoconfigure.web.client.MockRestServiceServerResetTestExecutionListener, org.springframework.boot.test.autoconfigure.web.servlet.MockMvcPrintOnlyOnFailureTestExecutionListener, org.springframework.boot.test.autoconfigure.web.servlet.WebDriverTestExecutionListener, org.springframework.boot.test.autoconfigure.webservices.client.MockWebServiceServerTestExecutionListener, org.springframework.boot.test.mock.mockito.MockitoTestExecutionListener, org.springframework.boot.test.mock.mockito.ResetMocksTestExecutionListener, org.springframework.test.context.web.ServletTestExecutionListener, org.springframework.test.context.support.DirtiesContextBeforeModesTestExecutionListener, org.springframework.test.context.event.ApplicationEventsTestExecutionListener, org.springframework.test.context.support.DependencyInjectionTestExecutionListener, org.springframework.test.context.support.DirtiesContextTestExecutionListener, org.springframework.test.context.transaction.TransactionalTestExecutionListener, org.springframework.test.context.jdbc.SqlScriptsTestExecutionListener, org.springframework.test.context.event.EventPublishingTestExecutionListener]
18:34:52.961 [Test worker] DEBUG org.springframework.boot.test.context.SpringBootTestContextBootstrapper - Skipping candidate TestExecutionListener [org.springframework.test.context.transaction.TransactionalTestExecutionListener] due to a missing dependency. Specify custom listener classes or make the default listener classes and their required dependencies available. Offending class: [org/springframework/transaction/interceptor/TransactionAttributeSource]
18:34:52.962 [Test worker] DEBUG org.springframework.boot.test.context.SpringBootTestContextBootstrapper - Skipping candidate TestExecutionListener [org.springframework.test.context.jdbc.SqlScriptsTestExecutionListener] due to a missing dependency. Specify custom listener classes or make the default listener classes and their required dependencies available. Offending class: [org/springframework/transaction/interceptor/TransactionAttribute]
18:34:52.962 [Test worker] INFO org.springframework.boot.test.context.SpringBootTestContextBootstrapper - Using TestExecutionListeners: [org.springframework.test.context.web.ServletTestExecutionListener@6c4f9535, org.springframework.test.context.support.DirtiesContextBeforeModesTestExecutionListener@5bd1ceca, org.springframework.test.context.event.ApplicationEventsTestExecutionListener@30c31dd7, org.springframework.boot.test.mock.mockito.MockitoTestExecutionListener@499b2a5c, org.springframework.boot.test.autoconfigure.SpringBootDependencyInjectionTestExecutionListener@596df867, org.springframework.test.context.support.DirtiesContextTestExecutionListener@c1fca1e, org.springframework.test.context.event.EventPublishingTestExecutionListener@241a53ef, org.springframework.boot.test.autoconfigure.restdocs.RestDocsTestExecutionListener@344344fa, org.springframework.boot.test.autoconfigure.web.client.MockRestServiceServerResetTestExecutionListener@2db2cd5, org.springframework.boot.test.autoconfigure.web.servlet.MockMvcPrintOnlyOnFailureTestExecutionListener@70e659aa, org.springframework.boot.test.autoconfigure.web.servlet.WebDriverTestExecutionListener@615f972, org.springframework.boot.test.autoconfigure.webservices.client.MockWebServiceServerTestExecutionListener@285f09de, org.springframework.boot.test.mock.mockito.ResetMocksTestExecutionListener@73393584]
18:34:52.967 [Test worker] DEBUG org.springframework.test.context.support.AbstractDirtiesContextTestExecutionListener - Before test class: context [DefaultTestContext@5ea502e0 testClass = CalculatorApplicationTests, testInstance = [null], testMethod = [null], testException = [null], mergedContextConfiguration = [WebMergedContextConfiguration@443dbe42 testClass = CalculatorApplicationTests, locations = '{}', classes = '{class gcukakao.jenkins.calculator.CalculatorApplication}', contextInitializerClasses = '[]', activeProfiles = '{}', propertySourceLocations = '{}', propertySourceProperties = '{org.springframework.boot.test.context.SpringBootTestContextBootstrapper=true}', contextCustomizers = set[org.springframework.boot.test.autoconfigure.actuate.metrics.MetricsExportContextCustomizerFactory$DisableMetricExportContextCustomizer@1d0d6318, org.springframework.boot.test.autoconfigure.properties.PropertyMappingContextCustomizer@0, org.springframework.boot.test.autoconfigure.web.servlet.WebDriverContextCustomizerFactory$Customizer@4212a0c8, org.springframework.boot.test.context.filter.ExcludeFilterContextCustomizer@476b0ae6, org.springframework.boot.test.json.DuplicateJsonObjectContextCustomizerFactory$DuplicateJsonObjectContextCustomizer@549949be, org.springframework.boot.test.mock.mockito.MockitoContextCustomizer@0, org.springframework.boot.test.web.client.TestRestTemplateContextCustomizer@4189d70b, org.springframework.boot.test.context.SpringBootTestArgs@1, org.springframework.boot.test.context.SpringBootTestWebEnvironment@24105dc5], resourceBasePath = 'src/main/webapp', contextLoader = 'org.springframework.boot.test.context.SpringBootContextLoader', parent = [null]], attributes = map['org.springframework.test.context.web.ServletTestExecutionListener.activateListener' -> true]], class annotated with @DirtiesContext [false] with mode [null].
18:34:53.055 [Test worker] DEBUG org.springframework.boot.ApplicationServletEnvironment - Activating profiles []
18:34:53.057 [Test worker] DEBUG org.springframework.test.context.support.TestPropertySourceUtils - Adding inlined properties to environment: {spring.jmx.enabled=false, org.springframework.boot.test.context.SpringBootTestContextBootstrapper=true}

  .   ____          _            __ _ _
 /\\ / ___'_ __ _ _(_)_ __  __ _ \ \ \ \
( ( )\___ | '_ | '_| | '_ \/ _` | \ \ \ \
 \\/  ___)| |_)| | | | | || (_| |  ) ) ) )
  '  |____| .__|_| |_|_| |_\__, | / / / /
 =========|_|==============|___/=/_/_/_/
 :: Spring Boot ::                (v2.6.1)

2022-10-20 18:34:53.519  INFO 60372 --- [    Test worker] g.j.c.CalculatorApplicationTests         : Starting CalculatorApplicationTests using Java 11.0.16.1 on DESKTOP-538DKAS with PID 60372 (started by clima in C:\Users\clima\calculator\calculator)
2022-10-20 18:34:53.521  INFO 60372 --- [    Test worker] g.j.c.CalculatorApplicationTests         : No active profile set, falling back to default profiles: default
2022-10-20 18:34:55.942  INFO 60372 --- [    Test worker] g.j.c.CalculatorApplicationTests         : Started CalculatorApplicationTests in 2.882 seconds (JVM running for 5.156)
]]></system-out>
  <system-err><![CDATA[]]></system-err>
</testsuite>
